


ARM Macro Assembler    Page 1 


    1 00000000                 IMPORT           os_tcb_cur_ptr
    2 00000000                 IMPORT           os_tcb_high_ready_ptr
    3 00000000                 IMPORT           os_prio_cur
    4 00000000                 IMPORT           os_prio_high_ready
    5 00000000         
    6 00000000                 EXPORT           os_cpu_int_dis
    7 00000000                 EXPORT           os_cpu_int_en
    8 00000000                 EXPORT           os_cpu_sr_save
    9 00000000                 EXPORT           os_cpu_sr_restore
   10 00000000                 EXPORT           os_start_high_ready
   11 00000000                 EXPORT           PendSV_Handler
   12 00000000         
   13 00000000 E000ED04 
                       NVIC_INT_CTRL
                               EQU              0xE000ED04  ; ЦР¶ПїШЦЖј°ЧґМ¬јДґ
                                                            жЖч SCB_ICSRЎЈ
   14 00000000 E000ED22 
                       NVIC_SYSPRI14
                               EQU              0xE000ED22  ; ПµНіУЕПИј¶јДґжЖч 
                                                            SCB_SHPR3Јєbit16~23
                                                            
   15 00000000 000000FF 
                       NVIC_PENDSV_PRI
                               EQU              0xFF        ; PendSV УЕПИј¶µДЦµ
                                                            (ЧоµН)ЎЈ
   16 00000000 10000000 
                       NVIC_PENDSVSET
                               EQU              0x10000000  ; ґҐ·ўPendSVТміЈµДЦ
                                                            µ Bit28ЈєPENDSVSETЎ
                                                            Ј
   17 00000000         
   18 00000000                 THUMB
   19 00000000                 REQUIRE8
   20 00000000                 PRESERVE8
   21 00000000         
   22 00000000                 AREA             |.text|, CODE, READONLY, ALIGN=
2
   23 00000000         
   24 00000000         os_cpu_int_dis
   25 00000000 B672            CPSID            I
   26 00000002 4770            BX               LR
   27 00000004         
   28 00000004         os_cpu_int_en
   29 00000004 B662            CPSIE            I
   30 00000006 4770            BX               LR
   31 00000008         
   32 00000008         os_cpu_sr_save
   33 00000008 F3EF 8010       MRS              R0, PRIMASK
   34 0000000C B672            CPSID            I
   35 0000000E 4770            BX               LR
   36 00000010         
   37 00000010         os_cpu_sr_restore
   38 00000010 F380 8810       MSR              PRIMASK, R0
   39 00000014 4770            BX               LR
   40 00000016         
   41 00000016         os_start_high_ready
   42 00000016 4814            LDR              R0, =NVIC_SYSPRI14
   43 00000018 F04F 01FF       LDR              R1, =NVIC_PENDSV_PRI
   44 0000001C 7001            STRB             R1, [R0]



ARM Macro Assembler    Page 2 


   45 0000001E         
   46 0000001E 2000            MOVS             R0, #0
   47 00000020 F380 8809       MSR              PSP, R0
   48 00000024         
   49 00000024 4811            LDR              R0, =NVIC_INT_CTRL
   50 00000026 F04F 5180       LDR              R1, =NVIC_PENDSVSET
   51 0000002A 6001            STR              R1, [R0]
   52 0000002C         
   53 0000002C B662            CPSIE            I
   54 0000002E         
   55 0000002E         os_start_hang
   56 0000002E E7FE            B                os_start_hang
   57 00000030         
   58 00000030         PendSV_Handler
   59 00000030 B672            CPSID            I
   60 00000032         
   61 00000032 F3EF 8009       MRS              R0, PSP
   62 00000036 B120            CBZ              R0, _os_cpu_ld_first_task_stk ;
                                                             КЗ0ѕНМшЧЄЈ¬µЪТ»ґОИ
                                                            ООсЗР»»±ШИ»МшЧЄ
   63 00000038         
   64 00000038 E920 0FF0       STMDB            R0!, {R4-R11}
   65 0000003C         
   66 0000003C 490C            LDR              R1, =os_tcb_cur_ptr
   67 0000003E 6809            LDR              R1, [R1]
   68 00000040 6008            STR              R0, [R1]
   69 00000042         
   70 00000042         _os_cpu_ld_first_task_stk            ; µЪТ»ґОИООсЗР»»Ј¬І
                                                            »±Јґж
   71 00000042 480C            LDR              R0, =os_prio_cur
   72 00000044 490C            LDR              R1, =os_prio_high_ready
   73 00000046 680A            LDR              R2, [R1]
   74 00000048 7002            STRB             R2, [R0]
   75 0000004A         
   76 0000004A 4809            LDR              R0, =os_tcb_cur_ptr
   77 0000004C 490B            LDR              R1, =os_tcb_high_ready_ptr
   78 0000004E 680A            LDR              R2, [R1]
   79 00000050 6002            STR              R2, [R0]
   80 00000052         
   81 00000052 6810            LDR              R0, [R2]
   82 00000054 E8B0 0FF0       LDMIA            R0!, {R4-R11}
   83 00000058         
   84 00000058 F380 8809       MSR              PSP, R0
   85 0000005C F04E 0E04       ORR              LR, LR, #0x04
   86 00000060 B662            CPSIE            I
   87 00000062 4770            BX               LR
   88 00000064         
   89 00000064 BF00            NOP
   90 00000066         
   91 00000066                 END
              00 00 E000ED22 
              E000ED04 
              00000000 
              00000000 
              00000000 
              00000000 
Command Line: --debug --xref --diag_suppress=9931 --cpu=Cortex-M3 --apcs=interw
ork --depend=.\objects\os_cpu_a.d -o.\objects\os_cpu_a.o -ID:\BadShun\Arm\Packs
\Keil\STM32F1xx_DFP\2.2.0\Device\Include --predefine="__MICROLIB SETA 1" --pred



ARM Macro Assembler    Page 3 


efine="__UVISION_VERSION SETA 536" --predefine="STM32F10X_MD SETA 1" --list=.\l
istings\os_cpu_a.lst Bad_RTOS\Ports\os_cpu_a.s



ARM Macro Assembler    Page 1 Alphabetic symbol ordering
Relocatable symbols

.text 00000000

Symbol: .text
   Definitions
      At line 22 in file Bad_RTOS\Ports\os_cpu_a.s
   Uses
      None
Comment: .text unused
PendSV_Handler 00000030

Symbol: PendSV_Handler
   Definitions
      At line 58 in file Bad_RTOS\Ports\os_cpu_a.s
   Uses
      At line 11 in file Bad_RTOS\Ports\os_cpu_a.s
Comment: PendSV_Handler used once
_os_cpu_ld_first_task_stk 00000042

Symbol: _os_cpu_ld_first_task_stk
   Definitions
      At line 70 in file Bad_RTOS\Ports\os_cpu_a.s
   Uses
      At line 62 in file Bad_RTOS\Ports\os_cpu_a.s
Comment: _os_cpu_ld_first_task_stk used once
os_cpu_int_dis 00000000

Symbol: os_cpu_int_dis
   Definitions
      At line 24 in file Bad_RTOS\Ports\os_cpu_a.s
   Uses
      At line 6 in file Bad_RTOS\Ports\os_cpu_a.s
Comment: os_cpu_int_dis used once
os_cpu_int_en 00000004

Symbol: os_cpu_int_en
   Definitions
      At line 28 in file Bad_RTOS\Ports\os_cpu_a.s
   Uses
      At line 7 in file Bad_RTOS\Ports\os_cpu_a.s
Comment: os_cpu_int_en used once
os_cpu_sr_restore 00000010

Symbol: os_cpu_sr_restore
   Definitions
      At line 37 in file Bad_RTOS\Ports\os_cpu_a.s
   Uses
      At line 9 in file Bad_RTOS\Ports\os_cpu_a.s
Comment: os_cpu_sr_restore used once
os_cpu_sr_save 00000008

Symbol: os_cpu_sr_save
   Definitions
      At line 32 in file Bad_RTOS\Ports\os_cpu_a.s
   Uses
      At line 8 in file Bad_RTOS\Ports\os_cpu_a.s
Comment: os_cpu_sr_save used once
os_start_hang 0000002E

Symbol: os_start_hang



ARM Macro Assembler    Page 2 Alphabetic symbol ordering
Relocatable symbols

   Definitions
      At line 55 in file Bad_RTOS\Ports\os_cpu_a.s
   Uses
      At line 56 in file Bad_RTOS\Ports\os_cpu_a.s
Comment: os_start_hang used once
os_start_high_ready 00000016

Symbol: os_start_high_ready
   Definitions
      At line 41 in file Bad_RTOS\Ports\os_cpu_a.s
   Uses
      At line 10 in file Bad_RTOS\Ports\os_cpu_a.s
Comment: os_start_high_ready used once
9 symbols



ARM Macro Assembler    Page 1 Alphabetic symbol ordering
Absolute symbols

NVIC_INT_CTRL E000ED04

Symbol: NVIC_INT_CTRL
   Definitions
      At line 13 in file Bad_RTOS\Ports\os_cpu_a.s
   Uses
      At line 49 in file Bad_RTOS\Ports\os_cpu_a.s
Comment: NVIC_INT_CTRL used once
NVIC_PENDSVSET 10000000

Symbol: NVIC_PENDSVSET
   Definitions
      At line 16 in file Bad_RTOS\Ports\os_cpu_a.s
   Uses
      At line 50 in file Bad_RTOS\Ports\os_cpu_a.s
Comment: NVIC_PENDSVSET used once
NVIC_PENDSV_PRI 000000FF

Symbol: NVIC_PENDSV_PRI
   Definitions
      At line 15 in file Bad_RTOS\Ports\os_cpu_a.s
   Uses
      At line 43 in file Bad_RTOS\Ports\os_cpu_a.s
Comment: NVIC_PENDSV_PRI used once
NVIC_SYSPRI14 E000ED22

Symbol: NVIC_SYSPRI14
   Definitions
      At line 14 in file Bad_RTOS\Ports\os_cpu_a.s
   Uses
      At line 42 in file Bad_RTOS\Ports\os_cpu_a.s
Comment: NVIC_SYSPRI14 used once
4 symbols



ARM Macro Assembler    Page 1 Alphabetic symbol ordering
External symbols

os_prio_cur 00000000

Symbol: os_prio_cur
   Definitions
      At line 3 in file Bad_RTOS\Ports\os_cpu_a.s
   Uses
      At line 71 in file Bad_RTOS\Ports\os_cpu_a.s
Comment: os_prio_cur used once
os_prio_high_ready 00000000

Symbol: os_prio_high_ready
   Definitions
      At line 4 in file Bad_RTOS\Ports\os_cpu_a.s
   Uses
      At line 72 in file Bad_RTOS\Ports\os_cpu_a.s
Comment: os_prio_high_ready used once
os_tcb_cur_ptr 00000000

Symbol: os_tcb_cur_ptr
   Definitions
      At line 1 in file Bad_RTOS\Ports\os_cpu_a.s
   Uses
      At line 66 in file Bad_RTOS\Ports\os_cpu_a.s
      At line 76 in file Bad_RTOS\Ports\os_cpu_a.s

os_tcb_high_ready_ptr 00000000

Symbol: os_tcb_high_ready_ptr
   Definitions
      At line 2 in file Bad_RTOS\Ports\os_cpu_a.s
   Uses
      At line 77 in file Bad_RTOS\Ports\os_cpu_a.s
Comment: os_tcb_high_ready_ptr used once
4 symbols
352 symbols in table
